{
  "stats": {
    "suites": 1,
    "tests": 10,
    "passes": 10,
    "pending": 0,
    "failures": 0,
    "start": "2018-10-31T04:31:42.895Z",
    "end": "2018-10-31T04:31:49.852Z",
    "duration": 6957,
    "testsRegistered": 10,
    "passPercent": 100,
    "pendingPercent": 0,
    "other": 0,
    "hasOther": false,
    "skipped": 0,
    "hasSkipped": false,
    "passPercentClass": "success",
    "pendingPercentClass": "danger"
  },
  "suites": {
    "uuid": "d75b27e6-72b4-4890-af97-f102d0533a20",
    "title": "",
    "fullFile": "",
    "file": "",
    "beforeHooks": [],
    "afterHooks": [],
    "tests": [],
    "suites": [
      {
        "uuid": "79e7e448-4404-4e3d-b1d4-854f17ebeee1",
        "title": "Manage Todo in the Todo management app",
        "fullFile": "",
        "file": "",
        "beforeHooks": [],
        "afterHooks": [],
        "tests": [
          {
            "title": "Opening todo management app",
            "fullTitle": "Manage Todo in the Todo management app Opening todo management app",
            "duration": 1517,
            "state": "passed",
            "speed": "slow",
            "pass": true,
            "fail": false,
            "pending": false,
            "code": "if (backgroundSection) {\n  backgroundSection.steps.forEach(stepTest);\n}\nscenario.steps.forEach(step => stepTest(step));",
            "err": {},
            "isRoot": false,
            "uuid": "f604a92e-e387-447c-b430-bcf59724593b",
            "isHook": false,
            "skipped": false
          },
          {
            "title": "Adding new todo in the todo management app",
            "fullTitle": "Manage Todo in the Todo management app Adding new todo in the todo management app",
            "duration": 1659,
            "state": "passed",
            "speed": "slow",
            "pass": true,
            "fail": false,
            "pending": false,
            "code": "if (backgroundSection) {\n  backgroundSection.steps.forEach(stepTest);\n}\nscenario.steps.forEach(step => stepTest(step));",
            "err": {},
            "isRoot": false,
            "uuid": "4327dfbf-d0f2-42d0-9d27-58b14d39b7bc",
            "isHook": false,
            "skipped": false
          },
          {
            "title": "Deleting todos in the todo management app",
            "fullTitle": "Manage Todo in the Todo management app Deleting todos in the todo management app",
            "duration": 499,
            "state": "passed",
            "speed": "slow",
            "pass": true,
            "fail": false,
            "pending": false,
            "code": "if (backgroundSection) {\n  backgroundSection.steps.forEach(stepTest);\n}\nscenario.steps.forEach(step => stepTest(step));",
            "err": {},
            "isRoot": false,
            "uuid": "bacac978-c5ae-471c-852b-a58d0921215c",
            "isHook": false,
            "skipped": false
          },
          {
            "title": "Marking a todo as complete in the todo management app",
            "fullTitle": "Manage Todo in the Todo management app Marking a todo as complete in the todo management app",
            "duration": 280,
            "state": "passed",
            "speed": "slow",
            "pass": true,
            "fail": false,
            "pending": false,
            "code": "if (backgroundSection) {\n  backgroundSection.steps.forEach(stepTest);\n}\nscenario.steps.forEach(step => stepTest(step));",
            "err": {},
            "isRoot": false,
            "uuid": "45267fce-0f5b-478d-b6a7-70032327bb29",
            "isHook": false,
            "skipped": false
          },
          {
            "title": "Verifying the active filter in the todo management app",
            "fullTitle": "Manage Todo in the Todo management app Verifying the active filter in the todo management app",
            "duration": 114,
            "state": "passed",
            "speed": "slow",
            "pass": true,
            "fail": false,
            "pending": false,
            "code": "if (backgroundSection) {\n  backgroundSection.steps.forEach(stepTest);\n}\nscenario.steps.forEach(step => stepTest(step));",
            "err": {},
            "isRoot": false,
            "uuid": "350c69fc-8cad-490d-a1a9-a9d8acb95796",
            "isHook": false,
            "skipped": false
          },
          {
            "title": "Verifying the completed filter in the todo management app",
            "fullTitle": "Manage Todo in the Todo management app Verifying the completed filter in the todo management app",
            "duration": 110,
            "state": "passed",
            "speed": "slow",
            "pass": true,
            "fail": false,
            "pending": false,
            "code": "if (backgroundSection) {\n  backgroundSection.steps.forEach(stepTest);\n}\nscenario.steps.forEach(step => stepTest(step));",
            "err": {},
            "isRoot": false,
            "uuid": "e39cb529-086d-4ecc-a5c2-a3d8d07c6b5f",
            "isHook": false,
            "skipped": false
          },
          {
            "title": "Verifying the all filter in the todo management app",
            "fullTitle": "Manage Todo in the Todo management app Verifying the all filter in the todo management app",
            "duration": 142,
            "state": "passed",
            "speed": "slow",
            "pass": true,
            "fail": false,
            "pending": false,
            "code": "if (backgroundSection) {\n  backgroundSection.steps.forEach(stepTest);\n}\nscenario.steps.forEach(step => stepTest(step));",
            "err": {},
            "isRoot": false,
            "uuid": "fa172725-83b2-4b53-bc89-a2e87810d417",
            "isHook": false,
            "skipped": false
          },
          {
            "title": "Clearing completed todos in the todo management app",
            "fullTitle": "Manage Todo in the Todo management app Clearing completed todos in the todo management app",
            "duration": 120,
            "state": "passed",
            "speed": "slow",
            "pass": true,
            "fail": false,
            "pending": false,
            "code": "if (backgroundSection) {\n  backgroundSection.steps.forEach(stepTest);\n}\nscenario.steps.forEach(step => stepTest(step));",
            "err": {},
            "isRoot": false,
            "uuid": "eff52e7e-8bf4-4315-8c06-d8094ba51691",
            "isHook": false,
            "skipped": false
          },
          {
            "title": "Marking all todos as completed in the todo management app",
            "fullTitle": "Manage Todo in the Todo management app Marking all todos as completed in the todo management app",
            "duration": 106,
            "state": "passed",
            "speed": "slow",
            "pass": true,
            "fail": false,
            "pending": false,
            "code": "if (backgroundSection) {\n  backgroundSection.steps.forEach(stepTest);\n}\nscenario.steps.forEach(step => stepTest(step));",
            "err": {},
            "isRoot": false,
            "uuid": "62b8ae18-a8d8-4196-8941-abfa5a119c23",
            "isHook": false,
            "skipped": false
          },
          {
            "title": "Unmarking all todos as completed in the todo management app",
            "fullTitle": "Manage Todo in the Todo management app Unmarking all todos as completed in the todo management app",
            "duration": 110,
            "state": "passed",
            "speed": "slow",
            "pass": true,
            "fail": false,
            "pending": false,
            "code": "if (backgroundSection) {\n  backgroundSection.steps.forEach(stepTest);\n}\nscenario.steps.forEach(step => stepTest(step));",
            "err": {},
            "isRoot": false,
            "uuid": "39575d18-3033-48c1-b180-ff86a297c478",
            "isHook": false,
            "skipped": false
          }
        ],
        "suites": [],
        "passes": [
          "f604a92e-e387-447c-b430-bcf59724593b",
          "4327dfbf-d0f2-42d0-9d27-58b14d39b7bc",
          "bacac978-c5ae-471c-852b-a58d0921215c",
          "45267fce-0f5b-478d-b6a7-70032327bb29",
          "350c69fc-8cad-490d-a1a9-a9d8acb95796",
          "e39cb529-086d-4ecc-a5c2-a3d8d07c6b5f",
          "fa172725-83b2-4b53-bc89-a2e87810d417",
          "eff52e7e-8bf4-4315-8c06-d8094ba51691",
          "62b8ae18-a8d8-4196-8941-abfa5a119c23",
          "39575d18-3033-48c1-b180-ff86a297c478"
        ],
        "failures": [],
        "pending": [],
        "skipped": [],
        "duration": 4657,
        "root": false,
        "rootEmpty": false,
        "_timeout": 2000
      }
    ],
    "passes": [],
    "failures": [],
    "pending": [],
    "skipped": [],
    "duration": 0,
    "root": true,
    "rootEmpty": true,
    "_timeout": 2000
  },
  "copyrightYear": 2018
}