{
  "stats": {
    "suites": 1,
    "tests": 4,
    "passes": 4,
    "pending": 0,
    "failures": 0,
    "start": "2019-03-19T11:51:42.262Z",
    "end": "2019-03-19T11:51:52.949Z",
    "duration": 10687,
    "testsRegistered": 4,
    "passPercent": 100,
    "pendingPercent": 0,
    "other": 0,
    "hasOther": false,
    "skipped": 0,
    "hasSkipped": false,
    "passPercentClass": "success",
    "pendingPercentClass": "danger"
  },
  "suites": {
    "uuid": "f346266a-ff1e-4c1a-a626-b3fb02212907",
    "title": "",
    "fullFile": "",
    "file": "",
    "beforeHooks": [],
    "afterHooks": [],
    "tests": [],
    "suites": [
      {
        "uuid": "dd88d54c-b4ae-4431-8068-9a515da5cc08",
        "title": "Search feature in Google web app",
        "fullFile": "",
        "file": "",
        "beforeHooks": [],
        "afterHooks": [],
        "tests": [
          {
            "title": "Opening google search engine",
            "fullTitle": "Search feature in Google web app Opening google search engine",
            "duration": 1700,
            "state": "passed",
            "speed": "slow",
            "pass": true,
            "fail": false,
            "pending": false,
            "code": "if (backgroundSection) {\n  backgroundSection.steps.forEach(stepTest);\n}\nscenario.steps.forEach(step => stepTest(step));",
            "err": {},
            "isRoot": false,
            "uuid": "54a7dba8-31ab-4c2d-a1a8-daeda9ae7c9f",
            "isHook": false,
            "skipped": false
          },
          {
            "title": "Generic search in the google search engine",
            "fullTitle": "Search feature in Google web app Generic search in the google search engine",
            "duration": 2509,
            "state": "passed",
            "speed": "slow",
            "pass": true,
            "fail": false,
            "pending": false,
            "code": "if (backgroundSection) {\n  backgroundSection.steps.forEach(stepTest);\n}\nscenario.steps.forEach(step => stepTest(step));",
            "err": {},
            "isRoot": false,
            "uuid": "42561856-9053-4308-b1b9-748c5a1d9c31",
            "isHook": false,
            "skipped": false
          },
          {
            "title": "Undo search in the google search engine",
            "fullTitle": "Search feature in Google web app Undo search in the google search engine",
            "duration": 174,
            "state": "passed",
            "speed": "slow",
            "pass": true,
            "fail": false,
            "pending": false,
            "code": "if (backgroundSection) {\n  backgroundSection.steps.forEach(stepTest);\n}\nscenario.steps.forEach(step => stepTest(step));",
            "err": {},
            "isRoot": false,
            "uuid": "987407e9-7ec1-4ebf-b9ed-b6af6be983fa",
            "isHook": false,
            "skipped": false
          },
          {
            "title": "Selecting single result from search results",
            "fullTitle": "Search feature in Google web app Selecting single result from search results",
            "duration": 3935,
            "state": "passed",
            "speed": "slow",
            "pass": true,
            "fail": false,
            "pending": false,
            "code": "if (backgroundSection) {\n  backgroundSection.steps.forEach(stepTest);\n}\nscenario.steps.forEach(step => stepTest(step));",
            "err": {},
            "isRoot": false,
            "uuid": "fe9bb434-36b7-457b-87ce-37716c3164a5",
            "isHook": false,
            "skipped": false
          }
        ],
        "suites": [],
        "passes": [
          "54a7dba8-31ab-4c2d-a1a8-daeda9ae7c9f",
          "42561856-9053-4308-b1b9-748c5a1d9c31",
          "987407e9-7ec1-4ebf-b9ed-b6af6be983fa",
          "fe9bb434-36b7-457b-87ce-37716c3164a5"
        ],
        "failures": [],
        "pending": [],
        "skipped": [],
        "duration": 8318,
        "root": false,
        "rootEmpty": false,
        "_timeout": 2000
      }
    ],
    "passes": [],
    "failures": [],
    "pending": [],
    "skipped": [],
    "duration": 0,
    "root": true,
    "rootEmpty": true,
    "_timeout": 2000
  },
  "copyrightYear": 2019
}